::1 - - [19/Jan/2026 21:39:39] "GET / HTTP/1.1" 200 -
::1 - - [19/Jan/2026 21:39:40] code 404, message File not found
::1 - - [19/Jan/2026 21:39:40] "GET /favicon.ico HTTP/1.1" 404 -
::1 - - [19/Jan/2026 21:40:02] code 501, message Unsupported method ('POST')
::1 - - [19/Jan/2026 21:40:02] "POST /fetch_news HTTP/1.1" 501 -
::1 - - [19/Jan/2026 21:40:02] code 404, message File not found
::1 - - [19/Jan/2026 21:40:02] "GET /data HTTP/1.1" 404 -
::1 - - [19/Jan/2026 21:40:02] code 404, message File not found
::1 - - [19/Jan/2026 21:40:02] "GET /data HTTP/1.1" 404 -
::1 - - [19/Jan/2026 21:40:05] code 501, message Unsupported method ('POST')
::1 - - [19/Jan/2026 21:40:05] "POST /fetch_news HTTP/1.1" 501 -
::1 - - [19/Jan/2026 21:40:12] code 404, message File not found
::1 - - [19/Jan/2026 21:40:12] "GET /data HTTP/1.1" 404 -
::1 - - [19/Jan/2026 21:40:22] code 404, message File not found
::1 - - [19/Jan/2026 21:40:22] "GET /data HTTP/1.1" 404 -
::1 - - [19/Jan/2026 21:40:32] code 404, message File not found
::1 - - [19/Jan/2026 21:40:32] "GET /data HTTP/1.1" 404 -
::1 - - [19/Jan/2026 21:40:42] code 404, message File not found
::1 - - [19/Jan/2026 21:40:42] "GET /data HTTP/1.1" 404 -
::1 - - [19/Jan/2026 21:40:52] code 404, message File not found
::1 - - [19/Jan/2026 21:40:52] "GET /data HTTP/1.1" 404 -
::1 - - [19/Jan/2026 21:41:31] code 404, message File not found
::1 - - [19/Jan/2026 21:41:31] "GET /data HTTP/1.1" 404 -
::1 - - [19/Jan/2026 21:41:31] code 404, message File not found
::1 - - [19/Jan/2026 21:41:31] "GET /data HTTP/1.1" 404 -
::1 - - [19/Jan/2026 21:41:31] "GET / HTTP/1.1" 200 -
::1 - - [19/Jan/2026 21:49:38] "GET / HTTP/1.1" 200 -
::1 - - [19/Jan/2026 21:52:30] "GET / HTTP/1.1" 200 -
::1 - - [19/Jan/2026 21:58:47] "GET / HTTP/1.1" 200 -
::1 - - [19/Jan/2026 21:59:23] "GET / HTTP/1.1" 200 -
::1 - - [19/Jan/2026 22:01:00] "GET / HTTP/1.1" 200 -
::1 - - [19/Jan/2026 22:08:15] "GET / HTTP/1.1" 200 -
::1 - - [19/Jan/2026 22:12:49] "GET / HTTP/1.1" 200 -
::1 - - [19/Jan/2026 22:12:57] "GET / HTTP/1.1" 200 -
::1 - - [19/Jan/2026 22:13:00] "GET / HTTP/1.1" 200 -
::1 - - [19/Jan/2026 22:31:41] "GET / HTTP/1.1" 304 -
::1 - - [19/Jan/2026 23:10:17] "GET / HTTP/1.1" 200 -
::1 - - [19/Jan/2026 23:10:21] "GET / HTTP/1.1" 304 -
::1 - - [19/Jan/2026 23:11:05] "GET / HTTP/1.1" 200 -
::1 - - [19/Jan/2026 23:11:08] "GET / HTTP/1.1" 200 -
::1 - - [19/Jan/2026 23:11:11] "GET / HTTP/1.1" 200 -
::1 - - [19/Jan/2026 23:11:19] "GET / HTTP/1.1" 200 -
::1 - - [19/Jan/2026 23:13:08] "GET / HTTP/1.1" 200 -
::1 - - [19/Jan/2026 23:13:11] "GET / HTTP/1.1" 200 -
::1 - - [19/Jan/2026 23:13:14] "GET / HTTP/1.1" 200 -
::1 - - [19/Jan/2026 23:14:31] "GET / HTTP/1.1" 200 -
::1 - - [19/Jan/2026 23:14:35] "GET / HTTP/1.1" 200 -
::1 - - [19/Jan/2026 23:14:47] "GET / HTTP/1.1" 200 -
::1 - - [19/Jan/2026 23:17:56] "GET / HTTP/1.1" 200 -
